{"C:\\Users\\mojee\\Desktop\\Alt Exam\\blog-api-nodejs-mongodb\\app.js": {"path":"C:\\Users\\mojee\\Desktop\\Alt Exam\\blog-api-nodejs-mongodb\\app.js","statementMap":{"0":{"start":{"line":1,"column":20},"end":{"line":1,"column":42}},"1":{"start":{"line":2,"column":16},"end":{"line":2,"column":34}},"2":{"start":{"line":3,"column":13},"end":{"line":3,"column":28}},"3":{"start":{"line":4,"column":17},"end":{"line":4,"column":36}},"4":{"start":{"line":6,"column":19},"end":{"line":6,"column":41}},"5":{"start":{"line":7,"column":30},"end":{"line":7,"column":45}},"6":{"start":{"line":10,"column":19},"end":{"line":10,"column":48}},"7":{"start":{"line":12,"column":0},"end":{"line":12,"column":19}},"8":{"start":{"line":13,"column":12},"end":{"line":13,"column":21}},"9":{"start":{"line":16,"column":0},"end":{"line":16,"column":53}},"10":{"start":{"line":17,"column":0},"end":{"line":17,"column":31}},"11":{"start":{"line":19,"column":0},"end":{"line":19,"column":51}},"12":{"start":{"line":20,"column":0},"end":{"line":20,"column":26}},"13":{"start":{"line":23,"column":0},"end":{"line":23,"column":31}},"14":{"start":{"line":28,"column":0},"end":{"line":30,"column":3}},"15":{"start":{"line":29,"column":2},"end":{"line":29,"column":53}},"16":{"start":{"line":32,"column":0},"end":{"line":32,"column":28}},"17":{"start":{"line":36,"column":0},"end":{"line":44,"column":3}},"18":{"start":{"line":38,"column":2},"end":{"line":38,"column":35}},"19":{"start":{"line":39,"column":2},"end":{"line":39,"column":69}},"20":{"start":{"line":42,"column":2},"end":{"line":42,"column":32}},"21":{"start":{"line":43,"column":2},"end":{"line":43,"column":22}},"22":{"start":{"line":46,"column":0},"end":{"line":46,"column":21}}},"fnMap":{"0":{"name":"(anonymous_0)","decl":{"start":{"line":28,"column":13},"end":{"line":28,"column":14}},"loc":{"start":{"line":28,"column":33},"end":{"line":30,"column":1}},"line":28},"1":{"name":"(anonymous_1)","decl":{"start":{"line":36,"column":8},"end":{"line":36,"column":9}},"loc":{"start":{"line":36,"column":39},"end":{"line":44,"column":1}},"line":36}},"branchMap":{"0":{"loc":{"start":{"line":39,"column":21},"end":{"line":39,"column":68}},"type":"cond-expr","locations":[{"start":{"line":39,"column":60},"end":{"line":39,"column":63}},{"start":{"line":39,"column":66},"end":{"line":39,"column":68}}],"line":39},"1":{"loc":{"start":{"line":42,"column":13},"end":{"line":42,"column":30}},"type":"binary-expr","locations":[{"start":{"line":42,"column":13},"end":{"line":42,"column":23}},{"start":{"line":42,"column":27},"end":{"line":42,"column":30}}],"line":42}},"s":{"0":2,"1":2,"2":2,"3":2,"4":2,"5":2,"6":2,"7":2,"8":2,"9":2,"10":2,"11":2,"12":2,"13":2,"14":2,"15":0,"16":2,"17":2,"18":0,"19":0,"20":0,"21":0,"22":2},"f":{"0":0,"1":0},"b":{"0":[0,0],"1":[0,0]},"_coverageSchema":"1a1c01bbd47fc00a2c39e90264f33305004495a9","hash":"1239b3b5009e38a1ca0061f947ceb06f89ad14dd"}
,"C:\\Users\\mojee\\Desktop\\Alt Exam\\blog-api-nodejs-mongodb\\db.js": {"path":"C:\\Users\\mojee\\Desktop\\Alt Exam\\blog-api-nodejs-mongodb\\db.js","statementMap":{"0":{"start":{"line":1,"column":17},"end":{"line":1,"column":36}},"1":{"start":{"line":2,"column":15},"end":{"line":2,"column":41}},"2":{"start":{"line":6,"column":4},"end":{"line":6,"column":37}},"3":{"start":{"line":8,"column":4},"end":{"line":10,"column":7}},"4":{"start":{"line":9,"column":8},"end":{"line":9,"column":57}},"5":{"start":{"line":12,"column":4},"end":{"line":15,"column":7}},"6":{"start":{"line":13,"column":8},"end":{"line":13,"column":69}},"7":{"start":{"line":14,"column":8},"end":{"line":14,"column":25}},"8":{"start":{"line":18,"column":0},"end":{"line":20,"column":1}}},"fnMap":{"0":{"name":"connectToDatabase","decl":{"start":{"line":5,"column":15},"end":{"line":5,"column":32}},"loc":{"start":{"line":5,"column":35},"end":{"line":16,"column":1}},"line":5},"1":{"name":"(anonymous_1)","decl":{"start":{"line":8,"column":40},"end":{"line":8,"column":41}},"loc":{"start":{"line":8,"column":46},"end":{"line":10,"column":5}},"line":8},"2":{"name":"(anonymous_2)","decl":{"start":{"line":12,"column":36},"end":{"line":12,"column":37}},"loc":{"start":{"line":12,"column":45},"end":{"line":15,"column":5}},"line":12}},"branchMap":{},"s":{"0":2,"1":2,"2":2,"3":2,"4":2,"5":2,"6":0,"7":0,"8":2},"f":{"0":2,"1":2,"2":0},"b":{},"_coverageSchema":"1a1c01bbd47fc00a2c39e90264f33305004495a9","hash":"d0c22922733939c3568fadd69e24410a47e57186"}
,"C:\\Users\\mojee\\Desktop\\Alt Exam\\blog-api-nodejs-mongodb\\bin\\www": {"path":"C:\\Users\\mojee\\Desktop\\Alt Exam\\blog-api-nodejs-mongodb\\bin\\www","statementMap":{"0":{"start":{"line":7,"column":12},"end":{"line":7,"column":29}},"1":{"start":{"line":8,"column":14},"end":{"line":8,"column":45}},"2":{"start":{"line":9,"column":13},"end":{"line":9,"column":28}},"3":{"start":{"line":10,"column":15},"end":{"line":10,"column":42}},"4":{"start":{"line":16,"column":14},"end":{"line":16,"column":60}},"5":{"start":{"line":17,"column":0},"end":{"line":17,"column":22}},"6":{"start":{"line":23,"column":16},"end":{"line":23,"column":38}},"7":{"start":{"line":29,"column":0},"end":{"line":29,"column":20}},"8":{"start":{"line":30,"column":0},"end":{"line":30,"column":28}},"9":{"start":{"line":31,"column":0},"end":{"line":31,"column":36}},"10":{"start":{"line":38,"column":15},"end":{"line":38,"column":32}},"11":{"start":{"line":40,"column":2},"end":{"line":43,"column":3}},"12":{"start":{"line":42,"column":4},"end":{"line":42,"column":15}},"13":{"start":{"line":45,"column":2},"end":{"line":48,"column":3}},"14":{"start":{"line":47,"column":4},"end":{"line":47,"column":16}},"15":{"start":{"line":50,"column":2},"end":{"line":50,"column":15}},"16":{"start":{"line":58,"column":2},"end":{"line":60,"column":3}},"17":{"start":{"line":59,"column":4},"end":{"line":59,"column":16}},"18":{"start":{"line":62,"column":13},"end":{"line":64,"column":20}},"19":{"start":{"line":67,"column":2},"end":{"line":78,"column":3}},"20":{"start":{"line":69,"column":6},"end":{"line":69,"column":60}},"21":{"start":{"line":70,"column":6},"end":{"line":70,"column":22}},"22":{"start":{"line":71,"column":6},"end":{"line":71,"column":12}},"23":{"start":{"line":73,"column":6},"end":{"line":73,"column":49}},"24":{"start":{"line":75,"column":6},"end":{"line":75,"column":12}},"25":{"start":{"line":77,"column":6},"end":{"line":77,"column":18}},"26":{"start":{"line":86,"column":13},"end":{"line":86,"column":29}},"27":{"start":{"line":87,"column":13},"end":{"line":89,"column":25}},"28":{"start":{"line":90,"column":2},"end":{"line":90,"column":32}},"29":{"start":{"line":93,"column":0},"end":{"line":93,"column":23}}},"fnMap":{"0":{"name":"normalizePort","decl":{"start":{"line":37,"column":9},"end":{"line":37,"column":22}},"loc":{"start":{"line":37,"column":28},"end":{"line":51,"column":1}},"line":37},"1":{"name":"onError","decl":{"start":{"line":57,"column":9},"end":{"line":57,"column":16}},"loc":{"start":{"line":57,"column":24},"end":{"line":79,"column":1}},"line":57},"2":{"name":"onListening","decl":{"start":{"line":85,"column":9},"end":{"line":85,"column":20}},"loc":{"start":{"line":85,"column":23},"end":{"line":91,"column":1}},"line":85}},"branchMap":{"0":{"loc":{"start":{"line":16,"column":28},"end":{"line":16,"column":59}},"type":"binary-expr","locations":[{"start":{"line":16,"column":28},"end":{"line":16,"column":44}},{"start":{"line":16,"column":48},"end":{"line":16,"column":59}}],"line":16},"1":{"loc":{"start":{"line":40,"column":2},"end":{"line":43,"column":3}},"type":"if","locations":[{"start":{"line":40,"column":2},"end":{"line":43,"column":3}},{"start":{},"end":{}}],"line":40},"2":{"loc":{"start":{"line":45,"column":2},"end":{"line":48,"column":3}},"type":"if","locations":[{"start":{"line":45,"column":2},"end":{"line":48,"column":3}},{"start":{},"end":{}}],"line":45},"3":{"loc":{"start":{"line":58,"column":2},"end":{"line":60,"column":3}},"type":"if","locations":[{"start":{"line":58,"column":2},"end":{"line":60,"column":3}},{"start":{},"end":{}}],"line":58},"4":{"loc":{"start":{"line":62,"column":13},"end":{"line":64,"column":20}},"type":"cond-expr","locations":[{"start":{"line":63,"column":6},"end":{"line":63,"column":20}},{"start":{"line":64,"column":6},"end":{"line":64,"column":20}}],"line":62},"5":{"loc":{"start":{"line":67,"column":2},"end":{"line":78,"column":3}},"type":"switch","locations":[{"start":{"line":68,"column":4},"end":{"line":71,"column":12}},{"start":{"line":72,"column":4},"end":{"line":75,"column":12}},{"start":{"line":76,"column":4},"end":{"line":77,"column":18}}],"line":67},"6":{"loc":{"start":{"line":87,"column":13},"end":{"line":89,"column":25}},"type":"cond-expr","locations":[{"start":{"line":88,"column":6},"end":{"line":88,"column":20}},{"start":{"line":89,"column":6},"end":{"line":89,"column":25}}],"line":87}},"s":{"0":2,"1":2,"2":2,"3":2,"4":2,"5":2,"6":2,"7":2,"8":2,"9":2,"10":2,"11":2,"12":0,"13":2,"14":2,"15":0,"16":1,"17":0,"18":1,"19":1,"20":0,"21":0,"22":0,"23":1,"24":1,"25":0,"26":3,"27":3,"28":3,"29":2},"f":{"0":2,"1":1,"2":3},"b":{"0":[2,0],"1":[0,2],"2":[2,0],"3":[0,1],"4":[0,1],"5":[0,1,0],"6":[0,3]},"inputSourceMap":null,"_coverageSchema":"1a1c01bbd47fc00a2c39e90264f33305004495a9","hash":"3c00b2989ffc432f99103aedbd5bcd6cad304b7d"}
,"C:\\Users\\mojee\\Desktop\\Alt Exam\\blog-api-nodejs-mongodb\\config\\config.js": {"path":"C:\\Users\\mojee\\Desktop\\Alt Exam\\blog-api-nodejs-mongodb\\config\\config.js","statementMap":{"0":{"start":{"line":1,"column":0},"end":{"line":1,"column":27}},"1":{"start":{"line":3,"column":0},"end":{"line":7,"column":1}}},"fnMap":{},"branchMap":{},"s":{"0":2,"1":2},"f":{},"b":{},"_coverageSchema":"1a1c01bbd47fc00a2c39e90264f33305004495a9","hash":"5947f41d1e1b1d89c5cecc09cd706a024e9fbadf"}
,"C:\\Users\\mojee\\Desktop\\Alt Exam\\blog-api-nodejs-mongodb\\config\\helper.js": {"path":"C:\\Users\\mojee\\Desktop\\Alt Exam\\blog-api-nodejs-mongodb\\config\\helper.js","statementMap":{"0":{"start":{"line":1,"column":15},"end":{"line":1,"column":32}},"1":{"start":{"line":2,"column":22},"end":{"line":2,"column":51}},"2":{"start":{"line":5,"column":4},"end":{"line":5,"column":39}},"3":{"start":{"line":9,"column":4},"end":{"line":9,"column":59}},"4":{"start":{"line":14,"column":4},"end":{"line":14,"column":72}},"5":{"start":{"line":15,"column":4},"end":{"line":17,"column":5}},"6":{"start":{"line":16,"column":8},"end":{"line":16,"column":20}},"7":{"start":{"line":19,"column":27},"end":{"line":19,"column":71}},"8":{"start":{"line":20,"column":4},"end":{"line":22,"column":5}},"9":{"start":{"line":21,"column":8},"end":{"line":21,"column":20}},"10":{"start":{"line":23,"column":4},"end":{"line":23,"column":16}},"11":{"start":{"line":26,"column":0},"end":{"line":30,"column":1}}},"fnMap":{"0":{"name":"hashPassword","decl":{"start":{"line":4,"column":15},"end":{"line":4,"column":27}},"loc":{"start":{"line":4,"column":38},"end":{"line":6,"column":1}},"line":4},"1":{"name":"verifyPassword","decl":{"start":{"line":8,"column":15},"end":{"line":8,"column":29}},"loc":{"start":{"line":8,"column":61},"end":{"line":10,"column":1}},"line":8},"2":{"name":"validateUser","decl":{"start":{"line":13,"column":15},"end":{"line":13,"column":27}},"loc":{"start":{"line":13,"column":45},"end":{"line":24,"column":1}},"line":13}},"branchMap":{"0":{"loc":{"start":{"line":15,"column":4},"end":{"line":17,"column":5}},"type":"if","locations":[{"start":{"line":15,"column":4},"end":{"line":17,"column":5}},{"start":{},"end":{}}],"line":15},"1":{"loc":{"start":{"line":20,"column":4},"end":{"line":22,"column":5}},"type":"if","locations":[{"start":{"line":20,"column":4},"end":{"line":22,"column":5}},{"start":{},"end":{}}],"line":20}},"s":{"0":2,"1":2,"2":1,"3":0,"4":2,"5":2,"6":0,"7":2,"8":2,"9":0,"10":2,"11":2},"f":{"0":1,"1":0,"2":2},"b":{"0":[0,2],"1":[0,2]},"_coverageSchema":"1a1c01bbd47fc00a2c39e90264f33305004495a9","hash":"b22770b29f03f12f61e65f0a56be58a2b5385a76"}
,"C:\\Users\\mojee\\Desktop\\Alt Exam\\blog-api-nodejs-mongodb\\src\\controllers\\blogController.js": {"path":"C:\\Users\\mojee\\Desktop\\Alt Exam\\blog-api-nodejs-mongodb\\src\\controllers\\blogController.js","statementMap":{"0":{"start":{"line":1,"column":22},"end":{"line":1,"column":47}},"1":{"start":{"line":2,"column":20},"end":{"line":2,"column":45}},"2":{"start":{"line":5,"column":17},"end":{"line":5,"column":25}},"3":{"start":{"line":6,"column":4},"end":{"line":6,"column":29}},"4":{"start":{"line":8,"column":4},"end":{"line":27,"column":5}},"5":{"start":{"line":9,"column":19},"end":{"line":9,"column":47}},"6":{"start":{"line":10,"column":18},"end":{"line":10,"column":21}},"7":{"start":{"line":11,"column":20},"end":{"line":11,"column":56}},"8":{"start":{"line":12,"column":19},"end":{"line":12,"column":41}},"9":{"start":{"line":14,"column":6},"end":{"line":14,"column":30}},"10":{"start":{"line":15,"column":6},"end":{"line":15,"column":17}},"11":{"start":{"line":17,"column":8},"end":{"line":20,"column":10}},"12":{"start":{"line":22,"column":8},"end":{"line":26,"column":10}},"13":{"start":{"line":32,"column":60},"end":{"line":32,"column":69}},"14":{"start":{"line":33,"column":4},"end":{"line":33,"column":18}},"15":{"start":{"line":34,"column":4},"end":{"line":34,"column":13}},"16":{"start":{"line":36,"column":18},"end":{"line":36,"column":98}},"17":{"start":{"line":48,"column":4},"end":{"line":51,"column":6}},"18":{"start":{"line":55,"column":15},"end":{"line":55,"column":28}},"19":{"start":{"line":56,"column":4},"end":{"line":75,"column":5}},"20":{"start":{"line":57,"column":21},"end":{"line":57,"column":49}},"21":{"start":{"line":58,"column":8},"end":{"line":60,"column":9}},"22":{"start":{"line":59,"column":12},"end":{"line":59,"column":86}},"23":{"start":{"line":61,"column":8},"end":{"line":66,"column":9}},"24":{"start":{"line":62,"column":12},"end":{"line":65,"column":14}},"25":{"start":{"line":67,"column":8},"end":{"line":67,"column":32}},"26":{"start":{"line":68,"column":8},"end":{"line":68,"column":19}},"27":{"start":{"line":69,"column":8},"end":{"line":72,"column":10}},"28":{"start":{"line":74,"column":8},"end":{"line":74,"column":86}},"29":{"start":{"line":80,"column":15},"end":{"line":80,"column":28}},"30":{"start":{"line":82,"column":17},"end":{"line":82,"column":54}},"31":{"start":{"line":83,"column":4},"end":{"line":89,"column":5}},"32":{"start":{"line":84,"column":8},"end":{"line":88,"column":18}},"33":{"start":{"line":90,"column":4},"end":{"line":90,"column":17}},"34":{"start":{"line":91,"column":4},"end":{"line":94,"column":6}},"35":{"start":{"line":99,"column":15},"end":{"line":99,"column":28}},"36":{"start":{"line":100,"column":19},"end":{"line":100,"column":27}},"37":{"start":{"line":101,"column":4},"end":{"line":109,"column":5}},"38":{"start":{"line":102,"column":21},"end":{"line":102,"column":81}},"39":{"start":{"line":103,"column":8},"end":{"line":106,"column":10}},"40":{"start":{"line":108,"column":8},"end":{"line":108,"column":98}},"41":{"start":{"line":113,"column":19},"end":{"line":113,"column":32}},"42":{"start":{"line":114,"column":4},"end":{"line":139,"column":5}},"43":{"start":{"line":115,"column":21},"end":{"line":115,"column":83}},"44":{"start":{"line":116,"column":8},"end":{"line":121,"column":9}},"45":{"start":{"line":117,"column":12},"end":{"line":120,"column":14}},"46":{"start":{"line":122,"column":23},"end":{"line":122,"column":67}},"47":{"start":{"line":124,"column":8},"end":{"line":124,"column":28}},"48":{"start":{"line":125,"column":8},"end":{"line":125,"column":19}},"49":{"start":{"line":127,"column":8},"end":{"line":131,"column":10}},"50":{"start":{"line":134,"column":8},"end":{"line":138,"column":10}},"51":{"start":{"line":145,"column":19},"end":{"line":145,"column":30}},"52":{"start":{"line":146,"column":28},"end":{"line":146,"column":37}},"53":{"start":{"line":147,"column":4},"end":{"line":147,"column":18}},"54":{"start":{"line":148,"column":4},"end":{"line":148,"column":13}},"55":{"start":{"line":149,"column":4},"end":{"line":149,"column":27}},"56":{"start":{"line":150,"column":4},"end":{"line":169,"column":5}},"57":{"start":{"line":151,"column":22},"end":{"line":151,"column":100}},"58":{"start":{"line":152,"column":8},"end":{"line":157,"column":9}},"59":{"start":{"line":153,"column":12},"end":{"line":156,"column":14}},"60":{"start":{"line":158,"column":8},"end":{"line":161,"column":10}},"61":{"start":{"line":164,"column":8},"end":{"line":168,"column":10}},"62":{"start":{"line":174,"column":0},"end":{"line":182,"column":1}}},"fnMap":{"0":{"name":"createBlog","decl":{"start":{"line":4,"column":15},"end":{"line":4,"column":25}},"loc":{"start":{"line":4,"column":36},"end":{"line":29,"column":1}},"line":4},"1":{"name":"getAllBlog","decl":{"start":{"line":31,"column":15},"end":{"line":31,"column":25}},"loc":{"start":{"line":31,"column":36},"end":{"line":52,"column":1}},"line":31},"2":{"name":"publishBlogById","decl":{"start":{"line":54,"column":15},"end":{"line":54,"column":30}},"loc":{"start":{"line":54,"column":41},"end":{"line":77,"column":1}},"line":54},"3":{"name":"deleteBlogById","decl":{"start":{"line":79,"column":15},"end":{"line":79,"column":29}},"loc":{"start":{"line":79,"column":40},"end":{"line":95,"column":1}},"line":79},"4":{"name":"editBlogById","decl":{"start":{"line":98,"column":15},"end":{"line":98,"column":27}},"loc":{"start":{"line":98,"column":37},"end":{"line":110,"column":1}},"line":98},"5":{"name":"getBlogById","decl":{"start":{"line":112,"column":15},"end":{"line":112,"column":26}},"loc":{"start":{"line":112,"column":36},"end":{"line":142,"column":1}},"line":112},"6":{"name":"getAllUserBlog","decl":{"start":{"line":144,"column":15},"end":{"line":144,"column":29}},"loc":{"start":{"line":144,"column":39},"end":{"line":172,"column":1}},"line":144}},"branchMap":{"0":{"loc":{"start":{"line":24,"column":17},"end":{"line":24,"column":139}},"type":"cond-expr","locations":[{"start":{"line":24,"column":40},"end":{"line":24,"column":87}},{"start":{"line":24,"column":90},"end":{"line":24,"column":139}}],"line":24},"1":{"loc":{"start":{"line":33,"column":4},"end":{"line":33,"column":18}},"type":"binary-expr","locations":[{"start":{"line":33,"column":4},"end":{"line":33,"column":12}},{"start":{"line":33,"column":16},"end":{"line":33,"column":18}}],"line":33},"2":{"loc":{"start":{"line":34,"column":4},"end":{"line":34,"column":13}},"type":"binary-expr","locations":[{"start":{"line":34,"column":4},"end":{"line":34,"column":8}},{"start":{"line":34,"column":12},"end":{"line":34,"column":13}}],"line":34},"3":{"loc":{"start":{"line":58,"column":8},"end":{"line":60,"column":9}},"type":"if","locations":[{"start":{"line":58,"column":8},"end":{"line":60,"column":9}},{"start":{},"end":{}}],"line":58},"4":{"loc":{"start":{"line":61,"column":8},"end":{"line":66,"column":9}},"type":"if","locations":[{"start":{"line":61,"column":8},"end":{"line":66,"column":9}},{"start":{},"end":{}}],"line":61},"5":{"loc":{"start":{"line":83,"column":4},"end":{"line":89,"column":5}},"type":"if","locations":[{"start":{"line":83,"column":4},"end":{"line":89,"column":5}},{"start":{},"end":{}}],"line":83},"6":{"loc":{"start":{"line":116,"column":8},"end":{"line":121,"column":9}},"type":"if","locations":[{"start":{"line":116,"column":8},"end":{"line":121,"column":9}},{"start":{},"end":{}}],"line":116},"7":{"loc":{"start":{"line":116,"column":11},"end":{"line":116,"column":36}},"type":"binary-expr","locations":[{"start":{"line":116,"column":11},"end":{"line":116,"column":16}},{"start":{"line":116,"column":20},"end":{"line":116,"column":36}}],"line":116},"8":{"loc":{"start":{"line":147,"column":4},"end":{"line":147,"column":18}},"type":"binary-expr","locations":[{"start":{"line":147,"column":4},"end":{"line":147,"column":12}},{"start":{"line":147,"column":16},"end":{"line":147,"column":18}}],"line":147},"9":{"loc":{"start":{"line":148,"column":4},"end":{"line":148,"column":13}},"type":"binary-expr","locations":[{"start":{"line":148,"column":4},"end":{"line":148,"column":8}},{"start":{"line":148,"column":12},"end":{"line":148,"column":13}}],"line":148},"10":{"loc":{"start":{"line":149,"column":4},"end":{"line":149,"column":27}},"type":"binary-expr","locations":[{"start":{"line":149,"column":4},"end":{"line":149,"column":12}},{"start":{"line":149,"column":16},"end":{"line":149,"column":27}}],"line":149},"11":{"loc":{"start":{"line":152,"column":8},"end":{"line":157,"column":9}},"type":"if","locations":[{"start":{"line":152,"column":8},"end":{"line":157,"column":9}},{"start":{},"end":{}}],"line":152},"12":{"loc":{"start":{"line":152,"column":11},"end":{"line":152,"column":38}},"type":"binary-expr","locations":[{"start":{"line":152,"column":11},"end":{"line":152,"column":17}},{"start":{"line":152,"column":21},"end":{"line":152,"column":38}}],"line":152}},"s":{"0":2,"1":2,"2":1,"3":1,"4":1,"5":1,"6":1,"7":1,"8":1,"9":1,"10":1,"11":1,"12":0,"13":1,"14":1,"15":1,"16":1,"17":1,"18":1,"19":1,"20":1,"21":1,"22":0,"23":1,"24":0,"25":1,"26":1,"27":1,"28":0,"29":1,"30":1,"31":1,"32":0,"33":1,"34":1,"35":1,"36":1,"37":1,"38":1,"39":1,"40":0,"41":1,"42":1,"43":1,"44":1,"45":0,"46":1,"47":1,"48":1,"49":1,"50":0,"51":0,"52":0,"53":0,"54":0,"55":0,"56":0,"57":0,"58":0,"59":0,"60":0,"61":0,"62":2},"f":{"0":1,"1":1,"2":1,"3":1,"4":1,"5":1,"6":0},"b":{"0":[0,0],"1":[1,1],"2":[1,1],"3":[0,1],"4":[0,1],"5":[0,1],"6":[0,1],"7":[1,1],"8":[0,0],"9":[0,0],"10":[0,0],"11":[0,0],"12":[0,0]},"_coverageSchema":"1a1c01bbd47fc00a2c39e90264f33305004495a9","hash":"8ec2b7eefc7b6d0d149b4fad079d40c96d600a5b"}
,"C:\\Users\\mojee\\Desktop\\Alt Exam\\blog-api-nodejs-mongodb\\src\\controllers\\userController.js": {"path":"C:\\Users\\mojee\\Desktop\\Alt Exam\\blog-api-nodejs-mongodb\\src\\controllers\\userController.js","statementMap":{"0":{"start":{"line":1,"column":22},"end":{"line":1,"column":47}},"1":{"start":{"line":2,"column":39},"end":{"line":2,"column":69}},"2":{"start":{"line":4,"column":21},"end":{"line":4,"column":58}},"3":{"start":{"line":7,"column":69},"end":{"line":7,"column":77}},"4":{"start":{"line":8,"column":4},"end":{"line":8,"column":57}},"5":{"start":{"line":10,"column":4},"end":{"line":12,"column":5}},"6":{"start":{"line":11,"column":8},"end":{"line":11,"column":63}},"7":{"start":{"line":14,"column":20},"end":{"line":20,"column":5}},"8":{"start":{"line":21,"column":27},"end":{"line":21,"column":63}},"9":{"start":{"line":22,"column":4},"end":{"line":22,"column":37}},"10":{"start":{"line":23,"column":17},"end":{"line":23,"column":48}},"11":{"start":{"line":24,"column":4},"end":{"line":27,"column":6}},"12":{"start":{"line":30,"column":18},"end":{"line":42,"column":1}},"13":{"start":{"line":31,"column":32},"end":{"line":31,"column":40}},"14":{"start":{"line":32,"column":17},"end":{"line":32,"column":52}},"15":{"start":{"line":33,"column":4},"end":{"line":35,"column":5}},"16":{"start":{"line":34,"column":8},"end":{"line":34,"column":60}},"17":{"start":{"line":36,"column":16},"end":{"line":36,"column":56}},"18":{"start":{"line":38,"column":4},"end":{"line":41,"column":14}},"19":{"start":{"line":44,"column":19},"end":{"line":55,"column":1}},"20":{"start":{"line":45,"column":4},"end":{"line":54,"column":5}},"21":{"start":{"line":46,"column":8},"end":{"line":46,"column":29}},"22":{"start":{"line":47,"column":8},"end":{"line":47,"column":30}},"23":{"start":{"line":48,"column":8},"end":{"line":48,"column":40}},"24":{"start":{"line":50,"column":8},"end":{"line":50,"column":29}},"25":{"start":{"line":51,"column":8},"end":{"line":51,"column":60}},"26":{"start":{"line":53,"column":8},"end":{"line":53,"column":33}},"27":{"start":{"line":58,"column":0},"end":{"line":62,"column":1}}},"fnMap":{"0":{"name":"createUser","decl":{"start":{"line":6,"column":15},"end":{"line":6,"column":25}},"loc":{"start":{"line":6,"column":36},"end":{"line":28,"column":1}},"line":6},"1":{"name":"(anonymous_1)","decl":{"start":{"line":30,"column":18},"end":{"line":30,"column":19}},"loc":{"start":{"line":30,"column":38},"end":{"line":42,"column":1}},"line":30},"2":{"name":"(anonymous_2)","decl":{"start":{"line":44,"column":19},"end":{"line":44,"column":20}},"loc":{"start":{"line":44,"column":39},"end":{"line":55,"column":1}},"line":44}},"branchMap":{"0":{"loc":{"start":{"line":10,"column":4},"end":{"line":12,"column":5}},"type":"if","locations":[{"start":{"line":10,"column":4},"end":{"line":12,"column":5}},{"start":{},"end":{}}],"line":10},"1":{"loc":{"start":{"line":33,"column":4},"end":{"line":35,"column":5}},"type":"if","locations":[{"start":{"line":33,"column":4},"end":{"line":35,"column":5}},{"start":{},"end":{}}],"line":33}},"s":{"0":2,"1":2,"2":2,"3":1,"4":1,"5":1,"6":0,"7":1,"8":1,"9":1,"10":1,"11":1,"12":2,"13":2,"14":2,"15":2,"16":0,"17":2,"18":2,"19":2,"20":0,"21":0,"22":0,"23":0,"24":0,"25":0,"26":0,"27":2},"f":{"0":1,"1":2,"2":0},"b":{"0":[0,1],"1":[0,2]},"_coverageSchema":"1a1c01bbd47fc00a2c39e90264f33305004495a9","hash":"4f39595df49c994911e903a78af3884edcfb9b7c"}
,"C:\\Users\\mojee\\Desktop\\Alt Exam\\blog-api-nodejs-mongodb\\src\\middleware\\authValidation.js": {"path":"C:\\Users\\mojee\\Desktop\\Alt Exam\\blog-api-nodejs-mongodb\\src\\middleware\\authValidation.js","statementMap":{"0":{"start":{"line":1,"column":35},"end":{"line":1,"column":63}},"1":{"start":{"line":2,"column":29},"end":{"line":2,"column":54}},"2":{"start":{"line":6,"column":4},"end":{"line":33,"column":5}},"3":{"start":{"line":16,"column":14},"end":{"line":22,"column":17}},"4":{"start":{"line":17,"column":16},"end":{"line":21,"column":17}},"5":{"start":{"line":18,"column":18},"end":{"line":20,"column":20}},"6":{"start":{"line":37,"column":4},"end":{"line":47,"column":5}},"7":{"start":{"line":51,"column":19},"end":{"line":51,"column":40}},"8":{"start":{"line":52,"column":4},"end":{"line":54,"column":5}},"9":{"start":{"line":53,"column":8},"end":{"line":53,"column":21}},"10":{"start":{"line":55,"column":28},"end":{"line":55,"column":30}},"11":{"start":{"line":56,"column":4},"end":{"line":56,"column":77}},"12":{"start":{"line":56,"column":30},"end":{"line":56,"column":76}},"13":{"start":{"line":58,"column":4},"end":{"line":60,"column":6}},"14":{"start":{"line":63,"column":0},"end":{"line":67,"column":1}}},"fnMap":{"0":{"name":"validateSignUp","decl":{"start":{"line":5,"column":9},"end":{"line":5,"column":23}},"loc":{"start":{"line":5,"column":26},"end":{"line":34,"column":1}},"line":5},"1":{"name":"(anonymous_1)","decl":{"start":{"line":15,"column":20},"end":{"line":15,"column":21}},"loc":{"start":{"line":15,"column":40},"end":{"line":23,"column":13}},"line":15},"2":{"name":"(anonymous_2)","decl":{"start":{"line":16,"column":57},"end":{"line":16,"column":58}},"loc":{"start":{"line":16,"column":68},"end":{"line":22,"column":15}},"line":16},"3":{"name":"validateLogin","decl":{"start":{"line":36,"column":9},"end":{"line":36,"column":22}},"loc":{"start":{"line":36,"column":25},"end":{"line":48,"column":1}},"line":36},"4":{"name":"validate","decl":{"start":{"line":50,"column":9},"end":{"line":50,"column":17}},"loc":{"start":{"line":50,"column":34},"end":{"line":61,"column":1}},"line":50},"5":{"name":"(anonymous_5)","decl":{"start":{"line":56,"column":23},"end":{"line":56,"column":24}},"loc":{"start":{"line":56,"column":30},"end":{"line":56,"column":76}},"line":56}},"branchMap":{"0":{"loc":{"start":{"line":17,"column":16},"end":{"line":21,"column":17}},"type":"if","locations":[{"start":{"line":17,"column":16},"end":{"line":21,"column":17}},{"start":{},"end":{}}],"line":17},"1":{"loc":{"start":{"line":52,"column":4},"end":{"line":54,"column":5}},"type":"if","locations":[{"start":{"line":52,"column":4},"end":{"line":54,"column":5}},{"start":{},"end":{}}],"line":52}},"s":{"0":2,"1":2,"2":2,"3":1,"4":1,"5":0,"6":2,"7":3,"8":3,"9":3,"10":0,"11":0,"12":0,"13":0,"14":2},"f":{"0":2,"1":1,"2":1,"3":2,"4":3,"5":0},"b":{"0":[0,1],"1":[3,0]},"_coverageSchema":"1a1c01bbd47fc00a2c39e90264f33305004495a9","hash":"e057c6b3ae8fd9bd4ba2023707858032cef04f08"}
,"C:\\Users\\mojee\\Desktop\\Alt Exam\\blog-api-nodejs-mongodb\\src\\middleware\\authenticate.js": {"path":"C:\\Users\\mojee\\Desktop\\Alt Exam\\blog-api-nodejs-mongodb\\src\\middleware\\authenticate.js","statementMap":{"0":{"start":{"line":1,"column":15},"end":{"line":1,"column":34}},"1":{"start":{"line":3,"column":20},"end":{"line":3,"column":45}},"2":{"start":{"line":4,"column":20},"end":{"line":4,"column":45}},"3":{"start":{"line":5,"column":18},"end":{"line":5,"column":50}},"4":{"start":{"line":6,"column":17},"end":{"line":6,"column":51}},"5":{"start":{"line":7,"column":10},"end":{"line":7,"column":33}},"6":{"start":{"line":9,"column":13},"end":{"line":9,"column":43}},"7":{"start":{"line":12,"column":0},"end":{"line":15,"column":2}},"8":{"start":{"line":13,"column":4},"end":{"line":14,"column":29}},"9":{"start":{"line":17,"column":11},"end":{"line":17,"column":13}},"10":{"start":{"line":18,"column":0},"end":{"line":18,"column":63}},"11":{"start":{"line":19,"column":0},"end":{"line":19,"column":36}},"12":{"start":{"line":21,"column":0},"end":{"line":34,"column":8}},"13":{"start":{"line":23,"column":8},"end":{"line":33,"column":11}},"14":{"start":{"line":24,"column":12},"end":{"line":32,"column":13}},"15":{"start":{"line":25,"column":16},"end":{"line":25,"column":40}},"16":{"start":{"line":27,"column":17},"end":{"line":32,"column":13}},"17":{"start":{"line":28,"column":16},"end":{"line":28,"column":40}},"18":{"start":{"line":31,"column":16},"end":{"line":31,"column":41}},"19":{"start":{"line":36,"column":0},"end":{"line":36,"column":70}},"20":{"start":{"line":38,"column":0},"end":{"line":51,"column":1}},"21":{"start":{"line":39,"column":4},"end":{"line":50,"column":5}},"22":{"start":{"line":40,"column":21},"end":{"line":40,"column":60}},"23":{"start":{"line":45,"column":8},"end":{"line":47,"column":9}},"24":{"start":{"line":46,"column":12},"end":{"line":46,"column":18}},"25":{"start":{"line":49,"column":8},"end":{"line":49,"column":64}}},"fnMap":{"0":{"name":"(anonymous_0)","decl":{"start":{"line":12,"column":19},"end":{"line":12,"column":20}},"loc":{"start":{"line":12,"column":35},"end":{"line":15,"column":1}},"line":12},"1":{"name":"(anonymous_1)","decl":{"start":{"line":22,"column":4},"end":{"line":22,"column":5}},"loc":{"start":{"line":22,"column":27},"end":{"line":34,"column":5}},"line":22},"2":{"name":"(anonymous_2)","decl":{"start":{"line":23,"column":52},"end":{"line":23,"column":53}},"loc":{"start":{"line":23,"column":67},"end":{"line":33,"column":9}},"line":23},"3":{"name":"(anonymous_3)","decl":{"start":{"line":38,"column":19},"end":{"line":38,"column":20}},"loc":{"start":{"line":38,"column":45},"end":{"line":51,"column":1}},"line":38}},"branchMap":{"0":{"loc":{"start":{"line":24,"column":12},"end":{"line":32,"column":13}},"type":"if","locations":[{"start":{"line":24,"column":12},"end":{"line":32,"column":13}},{"start":{"line":27,"column":17},"end":{"line":32,"column":13}}],"line":24},"1":{"loc":{"start":{"line":27,"column":17},"end":{"line":32,"column":13}},"type":"if","locations":[{"start":{"line":27,"column":17},"end":{"line":32,"column":13}},{"start":{"line":30,"column":17},"end":{"line":32,"column":13}}],"line":27},"2":{"loc":{"start":{"line":45,"column":8},"end":{"line":47,"column":9}},"type":"if","locations":[{"start":{"line":45,"column":8},"end":{"line":47,"column":9}},{"start":{},"end":{}}],"line":45}},"s":{"0":2,"1":2,"2":2,"3":2,"4":2,"5":2,"6":2,"7":2,"8":2,"9":2,"10":2,"11":2,"12":2,"13":4,"14":4,"15":0,"16":4,"17":4,"18":0,"19":2,"20":2,"21":3,"22":3,"23":3,"24":3,"25":0},"f":{"0":2,"1":4,"2":4,"3":3},"b":{"0":[0,4],"1":[4,0],"2":[3,0]},"_coverageSchema":"1a1c01bbd47fc00a2c39e90264f33305004495a9","hash":"8b26471865da78b146363d10396c60a2c2e4177f"}
,"C:\\Users\\mojee\\Desktop\\Alt Exam\\blog-api-nodejs-mongodb\\src\\middleware\\blogValidation.js": {"path":"C:\\Users\\mojee\\Desktop\\Alt Exam\\blog-api-nodejs-mongodb\\src\\middleware\\blogValidation.js","statementMap":{"0":{"start":{"line":1,"column":35},"end":{"line":1,"column":63}},"1":{"start":{"line":5,"column":4},"end":{"line":14,"column":5}},"2":{"start":{"line":19,"column":4},"end":{"line":29,"column":5}},"3":{"start":{"line":33,"column":19},"end":{"line":33,"column":40}},"4":{"start":{"line":34,"column":4},"end":{"line":36,"column":5}},"5":{"start":{"line":35,"column":8},"end":{"line":35,"column":21}},"6":{"start":{"line":37,"column":28},"end":{"line":37,"column":30}},"7":{"start":{"line":38,"column":4},"end":{"line":38,"column":77}},"8":{"start":{"line":38,"column":30},"end":{"line":38,"column":76}},"9":{"start":{"line":40,"column":4},"end":{"line":42,"column":6}},"10":{"start":{"line":45,"column":0},"end":{"line":49,"column":1}}},"fnMap":{"0":{"name":"validateBlog","decl":{"start":{"line":4,"column":9},"end":{"line":4,"column":21}},"loc":{"start":{"line":4,"column":24},"end":{"line":15,"column":1}},"line":4},"1":{"name":"validateLogin","decl":{"start":{"line":18,"column":9},"end":{"line":18,"column":22}},"loc":{"start":{"line":18,"column":25},"end":{"line":30,"column":1}},"line":18},"2":{"name":"validate","decl":{"start":{"line":32,"column":9},"end":{"line":32,"column":17}},"loc":{"start":{"line":32,"column":34},"end":{"line":43,"column":1}},"line":32},"3":{"name":"(anonymous_3)","decl":{"start":{"line":38,"column":23},"end":{"line":38,"column":24}},"loc":{"start":{"line":38,"column":30},"end":{"line":38,"column":76}},"line":38}},"branchMap":{"0":{"loc":{"start":{"line":34,"column":4},"end":{"line":36,"column":5}},"type":"if","locations":[{"start":{"line":34,"column":4},"end":{"line":36,"column":5}},{"start":{},"end":{}}],"line":34}},"s":{"0":2,"1":2,"2":0,"3":1,"4":1,"5":1,"6":0,"7":0,"8":0,"9":0,"10":2},"f":{"0":2,"1":0,"2":1,"3":0},"b":{"0":[1,0]},"_coverageSchema":"1a1c01bbd47fc00a2c39e90264f33305004495a9","hash":"5c6a877df0ee3fb07eb9e20da1e9faab734572bc"}
,"C:\\Users\\mojee\\Desktop\\Alt Exam\\blog-api-nodejs-mongodb\\src\\model\\blogs.js": {"path":"C:\\Users\\mojee\\Desktop\\Alt Exam\\blog-api-nodejs-mongodb\\src\\model\\blogs.js","statementMap":{"0":{"start":{"line":2,"column":17},"end":{"line":2,"column":36}},"1":{"start":{"line":3,"column":15},"end":{"line":3,"column":30}},"2":{"start":{"line":5,"column":19},"end":{"line":41,"column":2}},"3":{"start":{"line":48,"column":18},"end":{"line":48,"column":52}},"4":{"start":{"line":50,"column":0},"end":{"line":50,"column":30}}},"fnMap":{},"branchMap":{},"s":{"0":2,"1":2,"2":2,"3":2,"4":2},"f":{},"b":{},"_coverageSchema":"1a1c01bbd47fc00a2c39e90264f33305004495a9","hash":"817ebfb9c40fb125a7c8573312e1a5dda8318697"}
,"C:\\Users\\mojee\\Desktop\\Alt Exam\\blog-api-nodejs-mongodb\\src\\model\\users.js": {"path":"C:\\Users\\mojee\\Desktop\\Alt Exam\\blog-api-nodejs-mongodb\\src\\model\\users.js","statementMap":{"0":{"start":{"line":2,"column":17},"end":{"line":2,"column":36}},"1":{"start":{"line":3,"column":15},"end":{"line":3,"column":30}},"2":{"start":{"line":6,"column":19},"end":{"line":33,"column":2}},"3":{"start":{"line":40,"column":18},"end":{"line":40,"column":52}},"4":{"start":{"line":42,"column":0},"end":{"line":42,"column":30}}},"fnMap":{},"branchMap":{},"s":{"0":2,"1":2,"2":2,"3":2,"4":2},"f":{},"b":{},"_coverageSchema":"1a1c01bbd47fc00a2c39e90264f33305004495a9","hash":"2aa5adbc781f7f66c6203bfc6106925ec643954f"}
,"C:\\Users\\mojee\\Desktop\\Alt Exam\\blog-api-nodejs-mongodb\\src\\routes\\blog.js": {"path":"C:\\Users\\mojee\\Desktop\\Alt Exam\\blog-api-nodejs-mongodb\\src\\routes\\blog.js","statementMap":{"0":{"start":{"line":1,"column":16},"end":{"line":1,"column":34}},"1":{"start":{"line":2,"column":15},"end":{"line":2,"column":31}},"2":{"start":{"line":3,"column":21},"end":{"line":3,"column":58}},"3":{"start":{"line":12,"column":4},"end":{"line":12,"column":44}},"4":{"start":{"line":13,"column":35},"end":{"line":13,"column":74}},"5":{"start":{"line":16,"column":0},"end":{"line":19,"column":18}},"6":{"start":{"line":21,"column":0},"end":{"line":23,"column":47}},"7":{"start":{"line":25,"column":0},"end":{"line":30,"column":73}},"8":{"start":{"line":33,"column":0},"end":{"line":33,"column":24}}},"fnMap":{},"branchMap":{},"s":{"0":2,"1":2,"2":2,"3":2,"4":2,"5":2,"6":2,"7":2,"8":2},"f":{},"b":{},"_coverageSchema":"1a1c01bbd47fc00a2c39e90264f33305004495a9","hash":"84de046f36c34efecac05866aab71b895e1e19b6"}
,"C:\\Users\\mojee\\Desktop\\Alt Exam\\blog-api-nodejs-mongodb\\src\\routes\\index.js": {"path":"C:\\Users\\mojee\\Desktop\\Alt Exam\\blog-api-nodejs-mongodb\\src\\routes\\index.js","statementMap":{"0":{"start":{"line":1,"column":16},"end":{"line":1,"column":34}},"1":{"start":{"line":2,"column":15},"end":{"line":2,"column":31}},"2":{"start":{"line":3,"column":18},"end":{"line":3,"column":35}},"3":{"start":{"line":4,"column":18},"end":{"line":4,"column":35}},"4":{"start":{"line":7,"column":0},"end":{"line":7,"column":31}},"5":{"start":{"line":8,"column":0},"end":{"line":8,"column":31}},"6":{"start":{"line":11,"column":0},"end":{"line":11,"column":24}}},"fnMap":{},"branchMap":{},"s":{"0":2,"1":2,"2":2,"3":2,"4":2,"5":2,"6":2},"f":{},"b":{},"_coverageSchema":"1a1c01bbd47fc00a2c39e90264f33305004495a9","hash":"b842356a0e818afe98f4a39bdf99cbc5d1e0ed1e"}
,"C:\\Users\\mojee\\Desktop\\Alt Exam\\blog-api-nodejs-mongodb\\src\\routes\\user.js": {"path":"C:\\Users\\mojee\\Desktop\\Alt Exam\\blog-api-nodejs-mongodb\\src\\routes\\user.js","statementMap":{"0":{"start":{"line":1,"column":16},"end":{"line":1,"column":34}},"1":{"start":{"line":2,"column":15},"end":{"line":2,"column":31}},"2":{"start":{"line":3,"column":21},"end":{"line":3,"column":58}},"3":{"start":{"line":8,"column":4},"end":{"line":8,"column":47}},"4":{"start":{"line":9,"column":52},"end":{"line":9,"column":91}},"5":{"start":{"line":12,"column":0},"end":{"line":14,"column":47}},"6":{"start":{"line":16,"column":0},"end":{"line":18,"column":45}},"7":{"start":{"line":20,"column":0},"end":{"line":22,"column":43}},"8":{"start":{"line":25,"column":0},"end":{"line":25,"column":24}}},"fnMap":{},"branchMap":{},"s":{"0":2,"1":2,"2":2,"3":2,"4":2,"5":2,"6":2,"7":2,"8":2},"f":{},"b":{},"_coverageSchema":"1a1c01bbd47fc00a2c39e90264f33305004495a9","hash":"55251cb31ae86f72be4b674923e393974776fe7e"}
}
