TN:
SF:app.js
FN:28,(anonymous_0)
FN:36,(anonymous_1)
FNF:2
FNH:0
FNDA:0,(anonymous_0)
FNDA:0,(anonymous_1)
DA:1,1
DA:2,1
DA:3,1
DA:4,1
DA:6,1
DA:7,1
DA:10,1
DA:12,1
DA:13,1
DA:16,1
DA:17,1
DA:19,1
DA:20,1
DA:23,1
DA:28,1
DA:29,0
DA:32,1
DA:36,1
DA:38,0
DA:39,0
DA:42,0
DA:43,0
DA:46,1
LF:23
LH:18
BRDA:39,0,0,0
BRDA:39,0,1,0
BRDA:42,1,0,0
BRDA:42,1,1,0
BRF:4
BRH:0
end_of_record
TN:
SF:db.js
FN:5,connectToDatabase
FN:8,(anonymous_1)
FN:12,(anonymous_2)
FNF:3
FNH:1
FNDA:1,connectToDatabase
FNDA:0,(anonymous_1)
FNDA:0,(anonymous_2)
DA:1,1
DA:2,1
DA:6,1
DA:8,1
DA:9,0
DA:12,1
DA:13,0
DA:14,0
DA:18,1
LF:9
LH:6
BRF:0
BRH:0
end_of_record
TN:
SF:bin\www
FN:37,normalizePort
FN:57,onError
FN:85,onListening
FNF:3
FNH:2
FNDA:1,normalizePort
FNDA:0,onError
FNDA:1,onListening
DA:7,1
DA:8,1
DA:9,1
DA:10,1
DA:16,1
DA:17,1
DA:23,1
DA:29,1
DA:30,1
DA:31,1
DA:38,1
DA:40,1
DA:42,0
DA:45,1
DA:47,1
DA:50,0
DA:58,0
DA:59,0
DA:62,0
DA:67,0
DA:69,0
DA:70,0
DA:71,0
DA:73,0
DA:74,0
DA:75,0
DA:77,0
DA:86,1
DA:87,1
DA:90,1
DA:93,1
LF:31
LH:18
BRDA:16,0,0,1
BRDA:16,0,1,0
BRDA:40,1,0,0
BRDA:40,1,1,1
BRDA:45,2,0,1
BRDA:45,2,1,0
BRDA:58,3,0,0
BRDA:58,3,1,0
BRDA:62,4,0,0
BRDA:62,4,1,0
BRDA:67,5,0,0
BRDA:67,5,1,0
BRDA:67,5,2,0
BRDA:87,6,0,0
BRDA:87,6,1,1
BRF:15
BRH:4
end_of_record
TN:
SF:config\config.js
FNF:0
FNH:0
DA:1,1
DA:3,1
LF:2
LH:2
BRF:0
BRH:0
end_of_record
TN:
SF:config\helper.js
FN:4,hashPassword
FN:8,verifyPassword
FN:13,validateUser
FNF:3
FNH:0
FNDA:0,hashPassword
FNDA:0,verifyPassword
FNDA:0,validateUser
DA:1,1
DA:2,1
DA:5,0
DA:9,0
DA:14,0
DA:15,0
DA:16,0
DA:19,0
DA:20,0
DA:21,0
DA:23,0
DA:26,1
LF:12
LH:3
BRDA:15,0,0,0
BRDA:15,0,1,0
BRDA:20,1,0,0
BRDA:20,1,1,0
BRF:4
BRH:0
end_of_record
TN:
SF:src\controllers\blogController.js
FN:4,createBlog
FN:31,getAllBlog
FN:39,(anonymous_2)
FN:54,publishBlogById
FN:79,deleteBlogById
FN:98,editBlogById
FN:112,getBlogById
FN:144,getAllUserBlog
FNF:8
FNH:0
FNDA:0,createBlog
FNDA:0,getAllBlog
FNDA:0,(anonymous_2)
FNDA:0,publishBlogById
FNDA:0,deleteBlogById
FNDA:0,editBlogById
FNDA:0,getBlogById
FNDA:0,getAllUserBlog
DA:1,1
DA:2,1
DA:5,0
DA:6,0
DA:8,0
DA:9,0
DA:10,0
DA:11,0
DA:12,0
DA:14,0
DA:15,0
DA:17,0
DA:22,0
DA:32,0
DA:33,0
DA:34,0
DA:36,0
DA:39,0
DA:48,0
DA:55,0
DA:56,0
DA:57,0
DA:58,0
DA:59,0
DA:61,0
DA:62,0
DA:67,0
DA:68,0
DA:69,0
DA:74,0
DA:80,0
DA:82,0
DA:83,0
DA:84,0
DA:90,0
DA:91,0
DA:99,0
DA:100,0
DA:101,0
DA:102,0
DA:103,0
DA:108,0
DA:113,0
DA:114,0
DA:115,0
DA:116,0
DA:117,0
DA:122,0
DA:124,0
DA:125,0
DA:127,0
DA:134,0
DA:145,0
DA:146,0
DA:147,0
DA:148,0
DA:149,0
DA:150,0
DA:151,0
DA:152,0
DA:153,0
DA:158,0
DA:164,0
DA:174,1
LF:64
LH:3
BRDA:24,0,0,0
BRDA:24,0,1,0
BRDA:33,1,0,0
BRDA:33,1,1,0
BRDA:34,2,0,0
BRDA:34,2,1,0
BRDA:39,3,0,0
BRDA:39,3,1,0
BRDA:58,4,0,0
BRDA:58,4,1,0
BRDA:61,5,0,0
BRDA:61,5,1,0
BRDA:83,6,0,0
BRDA:83,6,1,0
BRDA:116,7,0,0
BRDA:116,7,1,0
BRDA:116,8,0,0
BRDA:116,8,1,0
BRDA:147,9,0,0
BRDA:147,9,1,0
BRDA:148,10,0,0
BRDA:148,10,1,0
BRDA:149,11,0,0
BRDA:149,11,1,0
BRDA:152,12,0,0
BRDA:152,12,1,0
BRDA:152,13,0,0
BRDA:152,13,1,0
BRF:28
BRH:0
end_of_record
TN:
SF:src\controllers\userController.js
FN:8,createUser
FN:32,(anonymous_1)
FN:47,(anonymous_2)
FN:60,getAllUser
FN:68,getOneUser
FN:77,updateUserById
FN:92,deleteUserById
FN:107,getSellers
FN:118,getSellerById
FNF:9
FNH:0
FNDA:0,createUser
FNDA:0,(anonymous_1)
FNDA:0,(anonymous_2)
FNDA:0,getAllUser
FNDA:0,getOneUser
FNDA:0,updateUserById
FNDA:0,deleteUserById
FNDA:0,getSellers
FNDA:0,getSellerById
DA:1,1
DA:2,1
DA:3,1
DA:4,1
DA:6,1
DA:9,0
DA:10,0
DA:12,0
DA:13,0
DA:16,0
DA:23,0
DA:24,0
DA:25,0
DA:26,0
DA:32,1
DA:33,0
DA:34,0
DA:35,0
DA:36,0
DA:38,0
DA:40,0
DA:47,1
DA:48,0
DA:49,0
DA:50,0
DA:51,0
DA:53,0
DA:54,0
DA:56,0
DA:61,0
DA:62,0
DA:69,0
DA:70,0
DA:71,0
DA:72,0
DA:74,0
DA:78,0
DA:79,0
DA:81,0
DA:83,0
DA:84,0
DA:86,0
DA:93,0
DA:95,0
DA:96,0
DA:97,0
DA:99,0
DA:100,0
DA:108,0
DA:115,0
DA:119,0
DA:120,0
DA:122,0
DA:129,1
LF:54
LH:8
BRDA:12,0,0,0
BRDA:12,0,1,0
BRDA:35,1,0,0
BRDA:35,1,1,0
BRDA:71,2,0,0
BRDA:71,2,1,0
BRDA:83,3,0,0
BRDA:83,3,1,0
BRDA:96,4,0,0
BRDA:96,4,1,0
BRF:10
BRH:0
end_of_record
TN:
SF:src\middleware\authValidation.js
FN:5,validateSignUp
FN:15,(anonymous_1)
FN:16,(anonymous_2)
FN:36,validateLogin
FN:50,validate
FN:56,(anonymous_5)
FNF:6
FNH:2
FNDA:1,validateSignUp
FNDA:0,(anonymous_1)
FNDA:0,(anonymous_2)
FNDA:1,validateLogin
FNDA:0,validate
FNDA:0,(anonymous_5)
DA:1,1
DA:2,1
DA:6,1
DA:16,0
DA:17,0
DA:18,0
DA:37,1
DA:51,0
DA:52,0
DA:53,0
DA:55,0
DA:56,0
DA:58,0
DA:63,1
LF:14
LH:5
BRDA:17,0,0,0
BRDA:17,0,1,0
BRDA:52,1,0,0
BRDA:52,1,1,0
BRF:4
BRH:0
end_of_record
TN:
SF:src\middleware\authenticate.js
FN:12,(anonymous_0)
FN:22,(anonymous_1)
FN:23,(anonymous_2)
FN:38,(anonymous_3)
FNF:4
FNH:0
FNDA:0,(anonymous_0)
FNDA:0,(anonymous_1)
FNDA:0,(anonymous_2)
FNDA:0,(anonymous_3)
DA:1,1
DA:3,1
DA:4,1
DA:5,1
DA:6,1
DA:7,1
DA:9,1
DA:12,1
DA:13,0
DA:17,1
DA:18,1
DA:19,1
DA:21,1
DA:23,0
DA:24,0
DA:25,0
DA:27,0
DA:28,0
DA:31,0
DA:36,1
DA:38,1
DA:39,0
DA:40,0
DA:45,0
DA:46,0
DA:49,0
LF:26
LH:14
BRDA:24,0,0,0
BRDA:24,0,1,0
BRDA:27,1,0,0
BRDA:27,1,1,0
BRDA:45,2,0,0
BRDA:45,2,1,0
BRF:6
BRH:0
end_of_record
TN:
SF:src\middleware\blogValidation.js
FN:4,validateBlog
FN:17,validateLogin
FN:31,validate
FN:37,(anonymous_3)
FNF:4
FNH:1
FNDA:2,validateBlog
FNDA:0,validateLogin
FNDA:0,validate
FNDA:0,(anonymous_3)
DA:1,1
DA:5,2
DA:18,0
DA:32,0
DA:33,0
DA:34,0
DA:36,0
DA:37,0
DA:39,0
DA:44,1
LF:10
LH:3
BRDA:33,0,0,0
BRDA:33,0,1,0
BRF:2
BRH:0
end_of_record
TN:
SF:src\model\blogs.js
FNF:0
FNH:0
DA:2,1
DA:3,1
DA:5,1
DA:48,1
DA:50,1
LF:5
LH:5
BRF:0
BRH:0
end_of_record
TN:
SF:src\model\users.js
FNF:0
FNH:0
DA:2,1
DA:3,1
DA:6,1
DA:40,1
DA:42,1
LF:5
LH:5
BRF:0
BRH:0
end_of_record
TN:
SF:src\routes\blog.js
FNF:0
FNH:0
DA:1,1
DA:2,1
DA:3,1
DA:12,1
DA:13,1
DA:16,1
DA:21,1
DA:25,1
DA:34,1
LF:9
LH:9
BRF:0
BRH:0
end_of_record
TN:
SF:src\routes\index.js
FNF:0
FNH:0
DA:1,1
DA:2,1
DA:3,1
DA:4,1
DA:7,1
DA:8,1
DA:11,1
LF:7
LH:7
BRF:0
BRH:0
end_of_record
TN:
SF:src\routes\user.js
FNF:0
FNH:0
DA:1,1
DA:2,1
DA:3,1
DA:8,1
DA:9,1
DA:17,1
DA:21,1
DA:25,1
DA:30,1
LF:9
LH:9
BRF:0
BRH:0
end_of_record
