TN:
SF:app.js
FN:28,(anonymous_0)
FN:36,(anonymous_1)
FNF:2
FNH:0
FNDA:0,(anonymous_0)
FNDA:0,(anonymous_1)
DA:1,2
DA:2,2
DA:3,2
DA:4,2
DA:6,2
DA:7,2
DA:10,2
DA:12,2
DA:13,2
DA:16,2
DA:17,2
DA:19,2
DA:20,2
DA:23,2
DA:28,2
DA:29,0
DA:32,2
DA:36,2
DA:38,0
DA:39,0
DA:42,0
DA:43,0
DA:46,2
LF:23
LH:18
BRDA:39,0,0,0
BRDA:39,0,1,0
BRDA:42,1,0,0
BRDA:42,1,1,0
BRF:4
BRH:0
end_of_record
TN:
SF:db.js
FN:5,connectToDatabase
FN:8,(anonymous_1)
FN:12,(anonymous_2)
FNF:3
FNH:2
FNDA:2,connectToDatabase
FNDA:2,(anonymous_1)
FNDA:0,(anonymous_2)
DA:1,2
DA:2,2
DA:6,2
DA:8,2
DA:9,2
DA:12,2
DA:13,0
DA:14,0
DA:18,2
LF:9
LH:7
BRF:0
BRH:0
end_of_record
TN:
SF:bin\www
FN:37,normalizePort
FN:57,onError
FN:85,onListening
FNF:3
FNH:3
FNDA:2,normalizePort
FNDA:1,onError
FNDA:3,onListening
DA:7,2
DA:8,2
DA:9,2
DA:10,2
DA:16,2
DA:17,2
DA:23,2
DA:29,2
DA:30,2
DA:31,2
DA:38,2
DA:40,2
DA:42,0
DA:45,2
DA:47,2
DA:50,0
DA:58,1
DA:59,0
DA:62,1
DA:67,1
DA:69,0
DA:70,0
DA:71,0
DA:73,1
DA:75,1
DA:77,0
DA:86,3
DA:87,3
DA:90,3
DA:93,2
LF:30
LH:23
BRDA:16,0,0,2
BRDA:16,0,1,0
BRDA:40,1,0,0
BRDA:40,1,1,2
BRDA:45,2,0,2
BRDA:45,2,1,0
BRDA:58,3,0,0
BRDA:58,3,1,1
BRDA:62,4,0,0
BRDA:62,4,1,1
BRDA:67,5,0,0
BRDA:67,5,1,1
BRDA:67,5,2,0
BRDA:87,6,0,0
BRDA:87,6,1,3
BRF:15
BRH:7
end_of_record
TN:
SF:config\config.js
FNF:0
FNH:0
DA:1,2
DA:3,2
LF:2
LH:2
BRF:0
BRH:0
end_of_record
TN:
SF:config\helper.js
FN:4,hashPassword
FN:8,verifyPassword
FN:13,validateUser
FNF:3
FNH:2
FNDA:1,hashPassword
FNDA:0,verifyPassword
FNDA:2,validateUser
DA:1,2
DA:2,2
DA:5,1
DA:9,0
DA:14,2
DA:15,2
DA:16,0
DA:19,2
DA:20,2
DA:21,0
DA:23,2
DA:26,2
LF:12
LH:9
BRDA:15,0,0,0
BRDA:15,0,1,2
BRDA:20,1,0,0
BRDA:20,1,1,2
BRF:4
BRH:2
end_of_record
TN:
SF:src\controllers\blogController.js
FN:4,createBlog
FN:31,getAllBlog
FN:54,publishBlogById
FN:79,deleteBlogById
FN:98,editBlogById
FN:112,getBlogById
FN:144,getAllUserBlog
FNF:7
FNH:6
FNDA:1,createBlog
FNDA:1,getAllBlog
FNDA:1,publishBlogById
FNDA:1,deleteBlogById
FNDA:1,editBlogById
FNDA:1,getBlogById
FNDA:0,getAllUserBlog
DA:1,2
DA:2,2
DA:5,1
DA:6,1
DA:8,1
DA:9,1
DA:10,1
DA:11,1
DA:12,1
DA:14,1
DA:15,1
DA:17,1
DA:22,0
DA:32,1
DA:33,1
DA:34,1
DA:36,1
DA:48,1
DA:55,1
DA:56,1
DA:57,1
DA:58,1
DA:59,0
DA:61,1
DA:62,0
DA:67,1
DA:68,1
DA:69,1
DA:74,0
DA:80,1
DA:82,1
DA:83,1
DA:84,0
DA:90,1
DA:91,1
DA:99,1
DA:100,1
DA:101,1
DA:102,1
DA:103,1
DA:108,0
DA:113,1
DA:114,1
DA:115,1
DA:116,1
DA:117,0
DA:122,1
DA:124,1
DA:125,1
DA:127,1
DA:134,0
DA:145,0
DA:146,0
DA:147,0
DA:148,0
DA:149,0
DA:150,0
DA:151,0
DA:152,0
DA:153,0
DA:158,0
DA:164,0
DA:174,2
LF:63
LH:44
BRDA:24,0,0,0
BRDA:24,0,1,0
BRDA:33,1,0,1
BRDA:33,1,1,1
BRDA:34,2,0,1
BRDA:34,2,1,1
BRDA:58,3,0,0
BRDA:58,3,1,1
BRDA:61,4,0,0
BRDA:61,4,1,1
BRDA:83,5,0,0
BRDA:83,5,1,1
BRDA:116,6,0,0
BRDA:116,6,1,1
BRDA:116,7,0,1
BRDA:116,7,1,1
BRDA:147,8,0,0
BRDA:147,8,1,0
BRDA:148,9,0,0
BRDA:148,9,1,0
BRDA:149,10,0,0
BRDA:149,10,1,0
BRDA:152,11,0,0
BRDA:152,11,1,0
BRDA:152,12,0,0
BRDA:152,12,1,0
BRF:26
BRH:10
end_of_record
TN:
SF:src\controllers\userController.js
FN:6,createUser
FN:30,(anonymous_1)
FN:44,(anonymous_2)
FNF:3
FNH:2
FNDA:1,createUser
FNDA:2,(anonymous_1)
FNDA:0,(anonymous_2)
DA:1,2
DA:2,2
DA:4,2
DA:7,1
DA:8,1
DA:10,1
DA:11,0
DA:14,1
DA:21,1
DA:22,1
DA:23,1
DA:24,1
DA:30,2
DA:31,2
DA:32,2
DA:33,2
DA:34,0
DA:36,2
DA:38,2
DA:44,2
DA:45,0
DA:46,0
DA:47,0
DA:48,0
DA:50,0
DA:51,0
DA:53,0
DA:58,2
LF:28
LH:19
BRDA:10,0,0,0
BRDA:10,0,1,1
BRDA:33,1,0,0
BRDA:33,1,1,2
BRF:4
BRH:2
end_of_record
TN:
SF:src\middleware\authValidation.js
FN:5,validateSignUp
FN:15,(anonymous_1)
FN:16,(anonymous_2)
FN:36,validateLogin
FN:50,validate
FN:56,(anonymous_5)
FNF:6
FNH:5
FNDA:2,validateSignUp
FNDA:1,(anonymous_1)
FNDA:1,(anonymous_2)
FNDA:2,validateLogin
FNDA:3,validate
FNDA:0,(anonymous_5)
DA:1,2
DA:2,2
DA:6,2
DA:16,1
DA:17,1
DA:18,0
DA:37,2
DA:51,3
DA:52,3
DA:53,3
DA:55,0
DA:56,0
DA:58,0
DA:63,2
LF:14
LH:10
BRDA:17,0,0,0
BRDA:17,0,1,1
BRDA:52,1,0,3
BRDA:52,1,1,0
BRF:4
BRH:2
end_of_record
TN:
SF:src\middleware\authenticate.js
FN:12,(anonymous_0)
FN:22,(anonymous_1)
FN:23,(anonymous_2)
FN:38,(anonymous_3)
FNF:4
FNH:4
FNDA:2,(anonymous_0)
FNDA:4,(anonymous_1)
FNDA:4,(anonymous_2)
FNDA:3,(anonymous_3)
DA:1,2
DA:3,2
DA:4,2
DA:5,2
DA:6,2
DA:7,2
DA:9,2
DA:12,2
DA:13,2
DA:17,2
DA:18,2
DA:19,2
DA:21,2
DA:23,4
DA:24,4
DA:25,0
DA:27,4
DA:28,4
DA:31,0
DA:36,2
DA:38,2
DA:39,3
DA:40,3
DA:45,3
DA:46,3
DA:49,0
LF:26
LH:23
BRDA:24,0,0,0
BRDA:24,0,1,4
BRDA:27,1,0,4
BRDA:27,1,1,0
BRDA:45,2,0,3
BRDA:45,2,1,0
BRF:6
BRH:3
end_of_record
TN:
SF:src\middleware\blogValidation.js
FN:4,validateBlog
FN:18,validateLogin
FN:32,validate
FN:38,(anonymous_3)
FNF:4
FNH:2
FNDA:2,validateBlog
FNDA:0,validateLogin
FNDA:1,validate
FNDA:0,(anonymous_3)
DA:1,2
DA:5,2
DA:19,0
DA:33,1
DA:34,1
DA:35,1
DA:37,0
DA:38,0
DA:40,0
DA:45,2
LF:10
LH:6
BRDA:34,0,0,1
BRDA:34,0,1,0
BRF:2
BRH:1
end_of_record
TN:
SF:src\model\blogs.js
FNF:0
FNH:0
DA:2,2
DA:3,2
DA:5,2
DA:48,2
DA:50,2
LF:5
LH:5
BRF:0
BRH:0
end_of_record
TN:
SF:src\model\users.js
FNF:0
FNH:0
DA:2,2
DA:3,2
DA:6,2
DA:40,2
DA:42,2
LF:5
LH:5
BRF:0
BRH:0
end_of_record
TN:
SF:src\routes\blog.js
FNF:0
FNH:0
DA:1,2
DA:2,2
DA:3,2
DA:12,2
DA:13,2
DA:16,2
DA:21,2
DA:25,2
DA:33,2
LF:9
LH:9
BRF:0
BRH:0
end_of_record
TN:
SF:src\routes\index.js
FNF:0
FNH:0
DA:1,2
DA:2,2
DA:3,2
DA:4,2
DA:7,2
DA:8,2
DA:11,2
LF:7
LH:7
BRF:0
BRH:0
end_of_record
TN:
SF:src\routes\user.js
FNF:0
FNH:0
DA:1,2
DA:2,2
DA:3,2
DA:8,2
DA:9,2
DA:12,2
DA:16,2
DA:20,2
DA:25,2
LF:9
LH:9
BRF:0
BRH:0
end_of_record
